<?xml version="1.0" encoding="UTF-8"?>
<testsuite name="com.vertx_data.vertx_data.TestMainVerticle" tests="1" skipped="0" failures="0" errors="0" timestamp="2023-05-11T05:55:51" hostname="Siddhant" time="3.555">
  <properties/>
  <testcase name="verticle_deployed(Vertx, VertxTestContext)" classname="com.vertx_data.vertx_data.TestMainVerticle" time="3.555"/>
  <system-out><![CDATA[11:25:51.649 [Test worker] DEBUG i.n.u.i.l.InternalLoggerFactory -- Using SLF4J as the default logging framework
11:25:51.652 [Test worker] DEBUG i.n.util.internal.PlatformDependent0 -- -Dio.netty.noUnsafe: false
11:25:51.653 [Test worker] DEBUG i.n.util.internal.PlatformDependent0 -- Java version: 8
11:25:51.654 [Test worker] DEBUG i.n.util.internal.PlatformDependent0 -- sun.misc.Unsafe.theUnsafe: available
11:25:51.656 [Test worker] DEBUG i.n.util.internal.PlatformDependent0 -- sun.misc.Unsafe.copyMemory: available
11:25:51.657 [Test worker] DEBUG i.n.util.internal.PlatformDependent0 -- sun.misc.Unsafe.storeFence: available
11:25:51.657 [Test worker] DEBUG i.n.util.internal.PlatformDependent0 -- java.nio.Buffer.address: available
11:25:51.658 [Test worker] DEBUG i.n.util.internal.PlatformDependent0 -- direct buffer constructor: available
11:25:51.660 [Test worker] DEBUG i.n.util.internal.PlatformDependent0 -- java.nio.Bits.unaligned: available, true
11:25:51.660 [Test worker] DEBUG i.n.util.internal.PlatformDependent0 -- jdk.internal.misc.Unsafe.allocateUninitializedArray(int): unavailable prior to Java9
11:25:51.660 [Test worker] DEBUG i.n.util.internal.PlatformDependent0 -- java.nio.DirectByteBuffer.<init>(long, int): available
11:25:51.661 [Test worker] DEBUG i.n.util.internal.PlatformDependent -- sun.misc.Unsafe: available
11:25:51.662 [Test worker] DEBUG i.n.util.internal.PlatformDependent -- -Dio.netty.tmpdir: /var/folders/zc/pky2kbfx70v8gdb2hccs0wb40000gq/T (java.io.tmpdir)
11:25:51.662 [Test worker] DEBUG i.n.util.internal.PlatformDependent -- -Dio.netty.bitMode: 64 (sun.arch.data.model)
11:25:51.662 [Test worker] DEBUG i.n.util.internal.PlatformDependent -- Platform: MacOS
11:25:51.664 [Test worker] DEBUG i.n.util.internal.PlatformDependent -- -Dio.netty.maxDirectMemory: 477626368 bytes
11:25:51.666 [Test worker] DEBUG i.n.util.internal.PlatformDependent -- -Dio.netty.uninitializedArrayAllocationThreshold: -1
11:25:51.667 [Test worker] DEBUG io.netty.util.internal.CleanerJava6 -- java.nio.ByteBuffer.cleaner(): available
11:25:51.667 [Test worker] DEBUG i.n.util.internal.PlatformDependent -- -Dio.netty.noPreferDirect: false
11:25:51.693 [Test worker] DEBUG io.netty.util.ResourceLeakDetector -- -Dio.netty.leakDetection.level: simple
11:25:51.693 [Test worker] DEBUG io.netty.util.ResourceLeakDetector -- -Dio.netty.leakDetection.targetRecords: 4
11:25:51.723 [Test worker] DEBUG i.n.c.MultithreadEventLoopGroup -- -Dio.netty.eventLoopThreads: 16
11:25:51.730 [Test worker] DEBUG i.n.u.concurrent.GlobalEventExecutor -- -Dio.netty.globalEventExecutor.quietPeriodSeconds: 1
11:25:51.736 [Test worker] DEBUG i.n.u.i.InternalThreadLocalMap -- -Dio.netty.threadLocalMap.stringBuilder.initialSize: 1024
11:25:51.736 [Test worker] DEBUG i.n.u.i.InternalThreadLocalMap -- -Dio.netty.threadLocalMap.stringBuilder.maxSize: 4096
11:25:51.742 [Test worker] DEBUG io.netty.channel.nio.NioEventLoop -- -Dio.netty.noKeySetOptimization: false
11:25:51.743 [Test worker] DEBUG io.netty.channel.nio.NioEventLoop -- -Dio.netty.selectorAutoRebuildThreshold: 512
11:25:51.751 [Test worker] DEBUG i.n.util.internal.PlatformDependent -- org.jctools-core.MpscChunkedArrayQueue: available
11:25:51.783 [Test worker] DEBUG i.n.r.d.DefaultDnsServerAddressStreamProvider -- Default DNS servers: [/192.168.1.1:53] (sun.net.dns.ResolverConfiguration)
11:25:51.799 [Test worker] DEBUG io.netty.util.NetUtil -- -Djava.net.preferIPv4Stack: false
11:25:51.799 [Test worker] DEBUG io.netty.util.NetUtil -- -Djava.net.preferIPv6Addresses: false
11:25:51.813 [Test worker] DEBUG i.netty.util.NetUtilInitializations -- Loopback interface: lo0 (lo0, 0:0:0:0:0:0:0:1%lo0)
11:25:51.816 [Test worker] DEBUG io.netty.util.NetUtil -- Failed to get SOMAXCONN from sysctl and file /proc/sys/net/core/somaxconn. Default: 128
11:25:51.864 [Test worker] DEBUG i.n.r.DefaultHostsFileEntriesResolver -- -Dio.netty.hostsFileRefreshInterval: 0
11:25:51.868 [Test worker] WARN  i.n.r.d.DnsServerAddressStreamProviders -- Can not find io.netty.resolver.dns.macos.MacOSDnsServerAddressStreamProvider in the classpath, fallback to system defaults. This may result in incorrect DNS resolutions on MacOS. Check whether you have a dependency on 'io.netty:netty-resolver-dns-native-macos'
11:25:52.474 [vert.x-eventloop-thread-3] DEBUG c.v.vertx_data.config.ConfigLoader -- Fetch configuration for []
11:25:52.474 [vert.x-eventloop-thread-4] DEBUG c.v.vertx_data.config.ConfigLoader -- Fetch configuration for []
11:25:52.474 [vert.x-eventloop-thread-1] DEBUG c.v.vertx_data.config.ConfigLoader -- Fetch configuration for []
11:25:52.474 [vert.x-eventloop-thread-2] DEBUG c.v.vertx_data.config.ConfigLoader -- Fetch configuration for []
11:25:52.670 [vert.x-internal-blocking-2] DEBUG i.n.buffer.PooledByteBufAllocator -- -Dio.netty.allocator.numHeapArenas: 16
11:25:52.672 [vert.x-internal-blocking-2] DEBUG i.n.buffer.PooledByteBufAllocator -- -Dio.netty.allocator.numDirectArenas: 16
11:25:52.672 [vert.x-internal-blocking-2] DEBUG i.n.buffer.PooledByteBufAllocator -- -Dio.netty.allocator.pageSize: 8192
11:25:52.672 [vert.x-internal-blocking-2] DEBUG i.n.buffer.PooledByteBufAllocator -- -Dio.netty.allocator.maxOrder: 9
11:25:52.672 [vert.x-internal-blocking-2] DEBUG i.n.buffer.PooledByteBufAllocator -- -Dio.netty.allocator.chunkSize: 4194304
11:25:52.672 [vert.x-internal-blocking-2] DEBUG i.n.buffer.PooledByteBufAllocator -- -Dio.netty.allocator.smallCacheSize: 256
11:25:52.672 [vert.x-internal-blocking-2] DEBUG i.n.buffer.PooledByteBufAllocator -- -Dio.netty.allocator.normalCacheSize: 64
11:25:52.672 [vert.x-internal-blocking-2] DEBUG i.n.buffer.PooledByteBufAllocator -- -Dio.netty.allocator.maxCachedBufferCapacity: 32768
11:25:52.672 [vert.x-internal-blocking-2] DEBUG i.n.buffer.PooledByteBufAllocator -- -Dio.netty.allocator.cacheTrimInterval: 8192
11:25:52.672 [vert.x-internal-blocking-2] DEBUG i.n.buffer.PooledByteBufAllocator -- -Dio.netty.allocator.cacheTrimIntervalMillis: 0
11:25:52.672 [vert.x-internal-blocking-2] DEBUG i.n.buffer.PooledByteBufAllocator -- -Dio.netty.allocator.useCacheForAllThreads: false
11:25:52.672 [vert.x-internal-blocking-2] DEBUG i.n.buffer.PooledByteBufAllocator -- -Dio.netty.allocator.maxCachedByteBuffersPerChunk: 1023
11:25:52.716 [vert.x-internal-blocking-2] DEBUG io.netty.buffer.AbstractByteBuf -- -Dio.netty.buffer.checkAccessible: true
11:25:52.723 [vert.x-internal-blocking-2] DEBUG io.netty.buffer.AbstractByteBuf -- -Dio.netty.buffer.checkBounds: true
11:25:52.727 [vert.x-internal-blocking-2] DEBUG i.n.util.ResourceLeakDetectorFactory -- Loaded default ResourceLeakDetector: io.netty.util.ResourceLeakDetector@43eeedb8
11:25:53.091 [vert.x-worker-thread-0] DEBUG io.netty.buffer.ByteBufUtil -- -Dio.netty.allocator.type: pooled
11:25:53.092 [vert.x-worker-thread-0] DEBUG io.netty.buffer.ByteBufUtil -- -Dio.netty.threadLocalDirectBufferSize: 0
11:25:53.092 [vert.x-worker-thread-0] DEBUG io.netty.buffer.ByteBufUtil -- -Dio.netty.maxThreadLocalCharBufferSize: 16384
11:25:53.114 [vert.x-eventloop-thread-4] INFO  c.vertx_data.vertx_data.HttpRouter -- Retrieved configuration : com.vertx_data.vertx_data.config.BrokerConfig@743efa4a 
11:25:53.114 [vert.x-eventloop-thread-3] INFO  c.vertx_data.vertx_data.HttpRouter -- Retrieved configuration : com.vertx_data.vertx_data.config.BrokerConfig@2d76d781 
11:25:53.114 [vert.x-eventloop-thread-1] INFO  c.vertx_data.vertx_data.HttpRouter -- Retrieved configuration : com.vertx_data.vertx_data.config.BrokerConfig@8ba2600 
11:25:53.114 [vert.x-eventloop-thread-2] INFO  c.vertx_data.vertx_data.HttpRouter -- Retrieved configuration : com.vertx_data.vertx_data.config.BrokerConfig@11094029 
11:25:53.117 [vert.x-eventloop-thread-1] INFO  c.v.v.controllers.EmployeeController -- Route attached : RouterImpl@1805525398{vertx=io.vertx.core.impl.VertxImpl@1bc9936e, state=RouterState{routes=[RouteImpl@694125840{state=RouteState{metadata=null, path='null', name=null, order=1, enabled=true, methods=null, consumes=null, emptyBodyPermittedWithConsumes=false, produces=null, contextHandlers=[io.vertx.ext.web.handler.impl.BodyHandlerImpl@70109ac7], failureHandlers=[com.vertx_data.vertx_data.HttpRouter$$Lambda$494/1420923937@57f7528c], added=true, pattern=null, groups=null, useNormalizedPath=true, namedGroupsInRegex=null, virtualHostPattern=null, pathEndsWithSlash=false, exclusive=false, exactPath=true}}], orderSequence=1, errorHandlers=null, modifiedHandler=null, this.allowForward=NONE, metadata=null}}
11:25:53.117 [vert.x-eventloop-thread-4] INFO  c.v.v.controllers.EmployeeController -- Route attached : RouterImpl@681881751{vertx=io.vertx.core.impl.VertxImpl@1bc9936e, state=RouterState{routes=[RouteImpl@713630942{state=RouteState{metadata=null, path='null', name=null, order=1, enabled=true, methods=null, consumes=null, emptyBodyPermittedWithConsumes=false, produces=null, contextHandlers=[io.vertx.ext.web.handler.impl.BodyHandlerImpl@2966776f], failureHandlers=[com.vertx_data.vertx_data.HttpRouter$$Lambda$494/1420923937@57f7528c], added=true, pattern=null, groups=null, useNormalizedPath=true, namedGroupsInRegex=null, virtualHostPattern=null, pathEndsWithSlash=false, exclusive=false, exactPath=true}}], orderSequence=1, errorHandlers=null, modifiedHandler=null, this.allowForward=NONE, metadata=null}}
11:25:53.117 [vert.x-eventloop-thread-2] INFO  c.v.v.controllers.EmployeeController -- Route attached : RouterImpl@303019237{vertx=io.vertx.core.impl.VertxImpl@1bc9936e, state=RouterState{routes=[RouteImpl@1764796530{state=RouteState{metadata=null, path='null', name=null, order=1, enabled=true, methods=null, consumes=null, emptyBodyPermittedWithConsumes=false, produces=null, contextHandlers=[io.vertx.ext.web.handler.impl.BodyHandlerImpl@ca44339], failureHandlers=[com.vertx_data.vertx_data.HttpRouter$$Lambda$494/1420923937@57f7528c], added=true, pattern=null, groups=null, useNormalizedPath=true, namedGroupsInRegex=null, virtualHostPattern=null, pathEndsWithSlash=false, exclusive=false, exactPath=true}}], orderSequence=1, errorHandlers=null, modifiedHandler=null, this.allowForward=NONE, metadata=null}}
11:25:53.117 [vert.x-eventloop-thread-3] INFO  c.v.v.controllers.EmployeeController -- Route attached : RouterImpl@391395496{vertx=io.vertx.core.impl.VertxImpl@1bc9936e, state=RouterState{routes=[RouteImpl@111615181{state=RouteState{metadata=null, path='null', name=null, order=1, enabled=true, methods=null, consumes=null, emptyBodyPermittedWithConsumes=false, produces=null, contextHandlers=[io.vertx.ext.web.handler.impl.BodyHandlerImpl@15f61636], failureHandlers=[com.vertx_data.vertx_data.HttpRouter$$Lambda$494/1420923937@57f7528c], added=true, pattern=null, groups=null, useNormalizedPath=true, namedGroupsInRegex=null, virtualHostPattern=null, pathEndsWithSlash=false, exclusive=false, exactPath=true}}], orderSequence=1, errorHandlers=null, modifiedHandler=null, this.allowForward=NONE, metadata=null}}
11:25:53.243 [vert.x-eventloop-thread-3] DEBUG io.netty.channel.DefaultChannelId -- -Dio.netty.processId: 16926 (auto-detected)
11:25:53.246 [vert.x-eventloop-thread-3] DEBUG io.netty.channel.DefaultChannelId -- -Dio.netty.machineId: fc:e2:6c:ff:fe:0b:1b:d1 (auto-detected)
11:25:53.302 [vert.x-eventloop-thread-3] WARN  io.avaje.config.InitialLoader -- Please rename application.yml to application.yaml - Using yml suffix (rather than yaml) is deprecated.
11:25:53.306 [vert.x-eventloop-thread-3] INFO  io.avaje.config.InitialLoadContext -- loaded properties from [application.yml]
11:25:53.318 [vert.x-eventloop-thread-3] INFO  io.ebean.EbeanVersion -- ebean version: 12.7.2
11:25:53.368 [vert.x-eventloop-thread-3] INFO  i.e.datasource.pool.ConnectionPool -- DataSourcePool [db] autoCommit[false] transIsolation[READ_COMMITTED] min[2] max[200]
11:25:54.380 [vert.x-eventloop-thread-3] INFO  io.ebean.internal.DefaultContainer -- DatabasePlatform name:db platform:mysql
11:25:54.484 [vert.x-eventloop-thread-3] DEBUG i.e.s.deploy.BeanDescriptorManager -- BeanPersistControllers[0] BeanFinders[0] BeanPersistListeners[0] BeanQueryAdapters[0] BeanPostLoaders[0] BeanPostConstructors[0]
11:25:54.598 [vert.x-eventloop-thread-3] DEBUG i.e.s.deploy.BeanDescriptorManager -- Entities[3]
11:25:54.629 [vert.x-eventloop-thread-3] DEBUG io.ebeaninternal.api.DbOffline -- reset
11:25:54.630 [vert.x-eventloop-thread-3] INFO  c.vertx_data.vertx_data.HttpRouter -- HTTP server started on port 4000 
11:25:54.630 [vert.x-eventloop-thread-0] INFO  c.vertx_data.vertx_data.MainVerticle -- com.vertx_data.vertx_data.HttpRouter Deployed with id 16763768-1113-4b07-a36d-e12bfa2c764e
11:25:54.644 [vert.x-eventloop-thread-4] INFO  i.e.datasource.pool.ConnectionPool -- DataSourcePool [db] autoCommit[false] transIsolation[READ_COMMITTED] min[2] max[200]
11:25:54.765 [vert.x-eventloop-thread-4] INFO  io.ebean.internal.DefaultContainer -- DatabasePlatform name:db platform:mysql
11:25:54.771 [vert.x-eventloop-thread-4] DEBUG i.e.s.deploy.BeanDescriptorManager -- BeanPersistControllers[0] BeanFinders[0] BeanPersistListeners[0] BeanQueryAdapters[0] BeanPostLoaders[0] BeanPostConstructors[0]
11:25:54.788 [vert.x-eventloop-thread-4] DEBUG i.e.s.deploy.BeanDescriptorManager -- Entities[3]
11:25:54.791 [vert.x-eventloop-thread-4] DEBUG io.ebeaninternal.api.DbOffline -- reset
11:25:54.791 [vert.x-eventloop-thread-4] INFO  c.vertx_data.vertx_data.HttpRouter -- HTTP server started on port 4000 
11:25:54.792 [vert.x-eventloop-thread-2] INFO  i.e.datasource.pool.ConnectionPool -- DataSourcePool [db] autoCommit[false] transIsolation[READ_COMMITTED] min[2] max[200]
11:25:54.894 [vert.x-eventloop-thread-2] INFO  io.ebean.internal.DefaultContainer -- DatabasePlatform name:db platform:mysql
11:25:54.901 [vert.x-eventloop-thread-2] DEBUG i.e.s.deploy.BeanDescriptorManager -- BeanPersistControllers[0] BeanFinders[0] BeanPersistListeners[0] BeanQueryAdapters[0] BeanPostLoaders[0] BeanPostConstructors[0]
11:25:54.918 [vert.x-eventloop-thread-2] DEBUG i.e.s.deploy.BeanDescriptorManager -- Entities[3]
11:25:54.921 [vert.x-eventloop-thread-2] DEBUG io.ebeaninternal.api.DbOffline -- reset
11:25:54.922 [vert.x-eventloop-thread-2] INFO  c.vertx_data.vertx_data.HttpRouter -- HTTP server started on port 4000 
11:25:54.923 [vert.x-eventloop-thread-1] INFO  i.e.datasource.pool.ConnectionPool -- DataSourcePool [db] autoCommit[false] transIsolation[READ_COMMITTED] min[2] max[200]
11:25:55.038 [vert.x-eventloop-thread-1] INFO  io.ebean.internal.DefaultContainer -- DatabasePlatform name:db platform:mysql
11:25:55.049 [vert.x-eventloop-thread-1] DEBUG i.e.s.deploy.BeanDescriptorManager -- BeanPersistControllers[0] BeanFinders[0] BeanPersistListeners[0] BeanQueryAdapters[0] BeanPostLoaders[0] BeanPostConstructors[0]
11:25:55.065 [vert.x-eventloop-thread-1] DEBUG i.e.s.deploy.BeanDescriptorManager -- Entities[3]
11:25:55.069 [vert.x-eventloop-thread-1] DEBUG io.ebeaninternal.api.DbOffline -- reset
11:25:55.070 [vert.x-eventloop-thread-1] INFO  c.vertx_data.vertx_data.HttpRouter -- HTTP server started on port 4000 
]]></system-out>
  <system-err><![CDATA[]]></system-err>
</testsuite>
